<?xml version="1.0" encoding="UTF-8"?>
<testsuite name="CacheTest" tests="1" skipped="0" failures="0" errors="0" timestamp="2019-09-15T15:58:12" hostname="unknownuser-X751SJ" time="3.534">
  <properties/>
  <testcase name="testTimeLimitedCache" classname="CacheTest" time="3.534"/>
  <system-out><![CDATA[]]></system-out>
  <system-err><![CDATA[]]></system-err>
</testsuite>
