<?xml version="1.0" encoding="UTF-8"?>
<testsuite name="CacheTest" tests="1" skipped="1" failures="0" errors="0" timestamp="2019-09-13T09:21:48" hostname="unknownuser-X751SJ" time="2307.984">
  <properties/>
  <testcase name="testTimeLimitedCache" classname="CacheTest" time="2307.984">
    <skipped/>
  </testcase>
  <system-out><![CDATA[]]></system-out>
  <system-err><![CDATA[]]></system-err>
</testsuite>
